Performing C SOURCE FILE Test HAVE_GCC_PREFERRED_STACK_BOUNDARY failed with the following output:
Change Dir: /home/david/VSC/IZG/izgProject/build/CMakeFiles/CMakeTmp

Run Build Command(s):/usr/bin/make cmTC_ab9d3/fast && /usr/bin/make -f CMakeFiles/cmTC_ab9d3.dir/build.make CMakeFiles/cmTC_ab9d3.dir/build
make[1]: Entering directory '/home/david/VSC/IZG/izgProject/build/CMakeFiles/CMakeTmp'
Building C object CMakeFiles/cmTC_ab9d3.dir/src.c.o
/usr/bin/cc   -g -O3 -idirafter "/home/david/VSC/IZG/izgProject/libs/SDL2-2.0.14/src/video/khronos" -DHAVE_GCC_PREFERRED_STACK_BOUNDARY -mpreferred-stack-boundary=2   -std=gnu99 -o CMakeFiles/cmTC_ab9d3.dir/src.c.o   -c /home/david/VSC/IZG/izgProject/build/CMakeFiles/CMakeTmp/src.c
cc1: error: ‘-mpreferred-stack-boundary=2’ is not between 3 and 12
make[1]: *** [CMakeFiles/cmTC_ab9d3.dir/build.make:66: CMakeFiles/cmTC_ab9d3.dir/src.c.o] Error 1
make[1]: Leaving directory '/home/david/VSC/IZG/izgProject/build/CMakeFiles/CMakeTmp'
make: *** [Makefile:121: cmTC_ab9d3/fast] Error 2


Source file was:
int x = 0; int main(int argc, char **argv) {}
Performing C SOURCE FILE Test HAVE_ALTIVEC_H_HDR failed with the following output:
Change Dir: /home/david/VSC/IZG/izgProject/build/CMakeFiles/CMakeTmp

Run Build Command(s):/usr/bin/make cmTC_a2ff4/fast && /usr/bin/make -f CMakeFiles/cmTC_a2ff4.dir/build.make CMakeFiles/cmTC_a2ff4.dir/build
make[1]: Entering directory '/home/david/VSC/IZG/izgProject/build/CMakeFiles/CMakeTmp'
Building C object CMakeFiles/cmTC_a2ff4.dir/src.c.o
/usr/bin/cc   -g -O3 -idirafter "/home/david/VSC/IZG/izgProject/libs/SDL2-2.0.14/src/video/khronos" -DHAVE_ALTIVEC_H_HDR -maltivec   -std=gnu99 -o CMakeFiles/cmTC_a2ff4.dir/src.c.o   -c /home/david/VSC/IZG/izgProject/build/CMakeFiles/CMakeTmp/src.c
cc: error: unrecognized command line option ‘-maltivec’
make[1]: *** [CMakeFiles/cmTC_a2ff4.dir/build.make:66: CMakeFiles/cmTC_a2ff4.dir/src.c.o] Error 1
make[1]: Leaving directory '/home/david/VSC/IZG/izgProject/build/CMakeFiles/CMakeTmp'
make: *** [Makefile:121: cmTC_a2ff4/fast] Error 2


Source file was:

          #include <altivec.h>
          vector unsigned int vzero() {
              return vec_splat_u32(0);
          }
          int main(int argc, char **argv) { }
Performing C SOURCE FILE Test HAVE_ALTIVEC failed with the following output:
Change Dir: /home/david/VSC/IZG/izgProject/build/CMakeFiles/CMakeTmp

Run Build Command(s):/usr/bin/make cmTC_2f5b1/fast && /usr/bin/make -f CMakeFiles/cmTC_2f5b1.dir/build.make CMakeFiles/cmTC_2f5b1.dir/build
make[1]: Entering directory '/home/david/VSC/IZG/izgProject/build/CMakeFiles/CMakeTmp'
Building C object CMakeFiles/cmTC_2f5b1.dir/src.c.o
/usr/bin/cc   -g -O3 -idirafter "/home/david/VSC/IZG/izgProject/libs/SDL2-2.0.14/src/video/khronos" -DHAVE_ALTIVEC -maltivec   -std=gnu99 -o CMakeFiles/cmTC_2f5b1.dir/src.c.o   -c /home/david/VSC/IZG/izgProject/build/CMakeFiles/CMakeTmp/src.c
cc: error: unrecognized command line option ‘-maltivec’
make[1]: *** [CMakeFiles/cmTC_2f5b1.dir/build.make:66: CMakeFiles/cmTC_2f5b1.dir/src.c.o] Error 1
make[1]: Leaving directory '/home/david/VSC/IZG/izgProject/build/CMakeFiles/CMakeTmp'
make: *** [Makefile:121: cmTC_2f5b1/fast] Error 2


Source file was:

          vector unsigned int vzero() {
              return vec_splat_u32(0);
          }
          int main(int argc, char **argv) { }
Determining if the include file libunwind.h exists failed with the following output:
Change Dir: /home/david/VSC/IZG/izgProject/build/CMakeFiles/CMakeTmp

Run Build Command(s):/usr/bin/make cmTC_a1930/fast && /usr/bin/make -f CMakeFiles/cmTC_a1930.dir/build.make CMakeFiles/cmTC_a1930.dir/build
make[1]: Entering directory '/home/david/VSC/IZG/izgProject/build/CMakeFiles/CMakeTmp'
Building C object CMakeFiles/cmTC_a1930.dir/CheckIncludeFile.c.o
/usr/bin/cc   -g -O3 -idirafter "/home/david/VSC/IZG/izgProject/libs/SDL2-2.0.14/src/video/khronos"    -o CMakeFiles/cmTC_a1930.dir/CheckIncludeFile.c.o   -c /home/david/VSC/IZG/izgProject/build/CMakeFiles/CMakeTmp/CheckIncludeFile.c
/home/david/VSC/IZG/izgProject/build/CMakeFiles/CMakeTmp/CheckIncludeFile.c:1:10: fatal error: libunwind.h: No such file or directory
    1 | #include <libunwind.h>
      |          ^~~~~~~~~~~~~
compilation terminated.
make[1]: *** [CMakeFiles/cmTC_a1930.dir/build.make:66: CMakeFiles/cmTC_a1930.dir/CheckIncludeFile.c.o] Error 1
make[1]: Leaving directory '/home/david/VSC/IZG/izgProject/build/CMakeFiles/CMakeTmp'
make: *** [Makefile:121: cmTC_a1930/fast] Error 2



Determining if the strlcpy exist failed with the following output:
Change Dir: /home/david/VSC/IZG/izgProject/build/CMakeFiles/CMakeTmp

Run Build Command(s):/usr/bin/make cmTC_3bddf/fast && /usr/bin/make -f CMakeFiles/cmTC_3bddf.dir/build.make CMakeFiles/cmTC_3bddf.dir/build
make[1]: Entering directory '/home/david/VSC/IZG/izgProject/build/CMakeFiles/CMakeTmp'
Building C object CMakeFiles/cmTC_3bddf.dir/CheckSymbolExists.c.o
/usr/bin/cc   -g -O3 -idirafter "/home/david/VSC/IZG/izgProject/libs/SDL2-2.0.14/src/video/khronos"    -o CMakeFiles/cmTC_3bddf.dir/CheckSymbolExists.c.o   -c /home/david/VSC/IZG/izgProject/build/CMakeFiles/CMakeTmp/CheckSymbolExists.c
/home/david/VSC/IZG/izgProject/build/CMakeFiles/CMakeTmp/CheckSymbolExists.c: In function ‘main’:
/home/david/VSC/IZG/izgProject/build/CMakeFiles/CMakeTmp/CheckSymbolExists.c:14:19: error: ‘strlcpy’ undeclared (first use in this function); did you mean ‘strncpy’?
   14 |   return ((int*)(&strlcpy))[argc];
      |                   ^~~~~~~
      |                   strncpy
/home/david/VSC/IZG/izgProject/build/CMakeFiles/CMakeTmp/CheckSymbolExists.c:14:19: note: each undeclared identifier is reported only once for each function it appears in
make[1]: *** [CMakeFiles/cmTC_3bddf.dir/build.make:66: CMakeFiles/cmTC_3bddf.dir/CheckSymbolExists.c.o] Error 1
make[1]: Leaving directory '/home/david/VSC/IZG/izgProject/build/CMakeFiles/CMakeTmp'
make: *** [Makefile:121: cmTC_3bddf/fast] Error 2


File /home/david/VSC/IZG/izgProject/build/CMakeFiles/CMakeTmp/CheckSymbolExists.c:
/* */
#include <stddef.h>
#include <stdarg.h>
#include <stdlib.h>
#include <string.h>
#include <stdio.h>
#include <wchar.h>
#include <float.h>

int main(int argc, char** argv)
{
  (void)argv;
#ifndef strlcpy
  return ((int*)(&strlcpy))[argc];
#else
  (void)argc;
  return 0;
#endif
}
Determining if the strlcat exist failed with the following output:
Change Dir: /home/david/VSC/IZG/izgProject/build/CMakeFiles/CMakeTmp

Run Build Command(s):/usr/bin/make cmTC_3b0ee/fast && /usr/bin/make -f CMakeFiles/cmTC_3b0ee.dir/build.make CMakeFiles/cmTC_3b0ee.dir/build
make[1]: Entering directory '/home/david/VSC/IZG/izgProject/build/CMakeFiles/CMakeTmp'
Building C object CMakeFiles/cmTC_3b0ee.dir/CheckSymbolExists.c.o
/usr/bin/cc   -g -O3 -idirafter "/home/david/VSC/IZG/izgProject/libs/SDL2-2.0.14/src/video/khronos"    -o CMakeFiles/cmTC_3b0ee.dir/CheckSymbolExists.c.o   -c /home/david/VSC/IZG/izgProject/build/CMakeFiles/CMakeTmp/CheckSymbolExists.c
/home/david/VSC/IZG/izgProject/build/CMakeFiles/CMakeTmp/CheckSymbolExists.c: In function ‘main’:
/home/david/VSC/IZG/izgProject/build/CMakeFiles/CMakeTmp/CheckSymbolExists.c:14:19: error: ‘strlcat’ undeclared (first use in this function); did you mean ‘strncat’?
   14 |   return ((int*)(&strlcat))[argc];
      |                   ^~~~~~~
      |                   strncat
/home/david/VSC/IZG/izgProject/build/CMakeFiles/CMakeTmp/CheckSymbolExists.c:14:19: note: each undeclared identifier is reported only once for each function it appears in
make[1]: *** [CMakeFiles/cmTC_3b0ee.dir/build.make:66: CMakeFiles/cmTC_3b0ee.dir/CheckSymbolExists.c.o] Error 1
make[1]: Leaving directory '/home/david/VSC/IZG/izgProject/build/CMakeFiles/CMakeTmp'
make: *** [Makefile:121: cmTC_3b0ee/fast] Error 2


File /home/david/VSC/IZG/izgProject/build/CMakeFiles/CMakeTmp/CheckSymbolExists.c:
/* */
#include <stddef.h>
#include <stdarg.h>
#include <stdlib.h>
#include <string.h>
#include <stdio.h>
#include <wchar.h>
#include <float.h>

int main(int argc, char** argv)
{
  (void)argv;
#ifndef strlcat
  return ((int*)(&strlcat))[argc];
#else
  (void)argc;
  return 0;
#endif
}
Determining if the _strrev exist failed with the following output:
Change Dir: /home/david/VSC/IZG/izgProject/build/CMakeFiles/CMakeTmp

Run Build Command(s):/usr/bin/make cmTC_838cc/fast && /usr/bin/make -f CMakeFiles/cmTC_838cc.dir/build.make CMakeFiles/cmTC_838cc.dir/build
make[1]: Entering directory '/home/david/VSC/IZG/izgProject/build/CMakeFiles/CMakeTmp'
Building C object CMakeFiles/cmTC_838cc.dir/CheckSymbolExists.c.o
/usr/bin/cc   -g -O3 -idirafter "/home/david/VSC/IZG/izgProject/libs/SDL2-2.0.14/src/video/khronos"    -o CMakeFiles/cmTC_838cc.dir/CheckSymbolExists.c.o   -c /home/david/VSC/IZG/izgProject/build/CMakeFiles/CMakeTmp/CheckSymbolExists.c
/home/david/VSC/IZG/izgProject/build/CMakeFiles/CMakeTmp/CheckSymbolExists.c: In function ‘main’:
/home/david/VSC/IZG/izgProject/build/CMakeFiles/CMakeTmp/CheckSymbolExists.c:14:19: error: ‘_strrev’ undeclared (first use in this function)
   14 |   return ((int*)(&_strrev))[argc];
      |                   ^~~~~~~
/home/david/VSC/IZG/izgProject/build/CMakeFiles/CMakeTmp/CheckSymbolExists.c:14:19: note: each undeclared identifier is reported only once for each function it appears in
make[1]: *** [CMakeFiles/cmTC_838cc.dir/build.make:66: CMakeFiles/cmTC_838cc.dir/CheckSymbolExists.c.o] Error 1
make[1]: Leaving directory '/home/david/VSC/IZG/izgProject/build/CMakeFiles/CMakeTmp'
make: *** [Makefile:121: cmTC_838cc/fast] Error 2


File /home/david/VSC/IZG/izgProject/build/CMakeFiles/CMakeTmp/CheckSymbolExists.c:
/* */
#include <stddef.h>
#include <stdarg.h>
#include <stdlib.h>
#include <string.h>
#include <stdio.h>
#include <wchar.h>
#include <float.h>

int main(int argc, char** argv)
{
  (void)argv;
#ifndef _strrev
  return ((int*)(&_strrev))[argc];
#else
  (void)argc;
  return 0;
#endif
}
Determining if the _strupr exist failed with the following output:
Change Dir: /home/david/VSC/IZG/izgProject/build/CMakeFiles/CMakeTmp

Run Build Command(s):/usr/bin/make cmTC_311b6/fast && /usr/bin/make -f CMakeFiles/cmTC_311b6.dir/build.make CMakeFiles/cmTC_311b6.dir/build
make[1]: Entering directory '/home/david/VSC/IZG/izgProject/build/CMakeFiles/CMakeTmp'
Building C object CMakeFiles/cmTC_311b6.dir/CheckSymbolExists.c.o
/usr/bin/cc   -g -O3 -idirafter "/home/david/VSC/IZG/izgProject/libs/SDL2-2.0.14/src/video/khronos"    -o CMakeFiles/cmTC_311b6.dir/CheckSymbolExists.c.o   -c /home/david/VSC/IZG/izgProject/build/CMakeFiles/CMakeTmp/CheckSymbolExists.c
/home/david/VSC/IZG/izgProject/build/CMakeFiles/CMakeTmp/CheckSymbolExists.c: In function ‘main’:
/home/david/VSC/IZG/izgProject/build/CMakeFiles/CMakeTmp/CheckSymbolExists.c:14:19: error: ‘_strupr’ undeclared (first use in this function)
   14 |   return ((int*)(&_strupr))[argc];
      |                   ^~~~~~~
/home/david/VSC/IZG/izgProject/build/CMakeFiles/CMakeTmp/CheckSymbolExists.c:14:19: note: each undeclared identifier is reported only once for each function it appears in
make[1]: *** [CMakeFiles/cmTC_311b6.dir/build.make:66: CMakeFiles/cmTC_311b6.dir/CheckSymbolExists.c.o] Error 1
make[1]: Leaving directory '/home/david/VSC/IZG/izgProject/build/CMakeFiles/CMakeTmp'
make: *** [Makefile:121: cmTC_311b6/fast] Error 2


File /home/david/VSC/IZG/izgProject/build/CMakeFiles/CMakeTmp/CheckSymbolExists.c:
/* */
#include <stddef.h>
#include <stdarg.h>
#include <stdlib.h>
#include <string.h>
#include <stdio.h>
#include <wchar.h>
#include <float.h>

int main(int argc, char** argv)
{
  (void)argv;
#ifndef _strupr
  return ((int*)(&_strupr))[argc];
#else
  (void)argc;
  return 0;
#endif
}
Determining if the _strlwr exist failed with the following output:
Change Dir: /home/david/VSC/IZG/izgProject/build/CMakeFiles/CMakeTmp

Run Build Command(s):/usr/bin/make cmTC_af22c/fast && /usr/bin/make -f CMakeFiles/cmTC_af22c.dir/build.make CMakeFiles/cmTC_af22c.dir/build
make[1]: Entering directory '/home/david/VSC/IZG/izgProject/build/CMakeFiles/CMakeTmp'
Building C object CMakeFiles/cmTC_af22c.dir/CheckSymbolExists.c.o
/usr/bin/cc   -g -O3 -idirafter "/home/david/VSC/IZG/izgProject/libs/SDL2-2.0.14/src/video/khronos"    -o CMakeFiles/cmTC_af22c.dir/CheckSymbolExists.c.o   -c /home/david/VSC/IZG/izgProject/build/CMakeFiles/CMakeTmp/CheckSymbolExists.c
/home/david/VSC/IZG/izgProject/build/CMakeFiles/CMakeTmp/CheckSymbolExists.c: In function ‘main’:
/home/david/VSC/IZG/izgProject/build/CMakeFiles/CMakeTmp/CheckSymbolExists.c:14:19: error: ‘_strlwr’ undeclared (first use in this function)
   14 |   return ((int*)(&_strlwr))[argc];
      |                   ^~~~~~~
/home/david/VSC/IZG/izgProject/build/CMakeFiles/CMakeTmp/CheckSymbolExists.c:14:19: note: each undeclared identifier is reported only once for each function it appears in
make[1]: *** [CMakeFiles/cmTC_af22c.dir/build.make:66: CMakeFiles/cmTC_af22c.dir/CheckSymbolExists.c.o] Error 1
make[1]: Leaving directory '/home/david/VSC/IZG/izgProject/build/CMakeFiles/CMakeTmp'
make: *** [Makefile:121: cmTC_af22c/fast] Error 2


File /home/david/VSC/IZG/izgProject/build/CMakeFiles/CMakeTmp/CheckSymbolExists.c:
/* */
#include <stddef.h>
#include <stdarg.h>
#include <stdlib.h>
#include <string.h>
#include <stdio.h>
#include <wchar.h>
#include <float.h>

int main(int argc, char** argv)
{
  (void)argv;
#ifndef _strlwr
  return ((int*)(&_strlwr))[argc];
#else
  (void)argc;
  return 0;
#endif
}
Determining if the itoa exist failed with the following output:
Change Dir: /home/david/VSC/IZG/izgProject/build/CMakeFiles/CMakeTmp

Run Build Command(s):/usr/bin/make cmTC_fa10d/fast && /usr/bin/make -f CMakeFiles/cmTC_fa10d.dir/build.make CMakeFiles/cmTC_fa10d.dir/build
make[1]: Entering directory '/home/david/VSC/IZG/izgProject/build/CMakeFiles/CMakeTmp'
Building C object CMakeFiles/cmTC_fa10d.dir/CheckSymbolExists.c.o
/usr/bin/cc   -g -O3 -idirafter "/home/david/VSC/IZG/izgProject/libs/SDL2-2.0.14/src/video/khronos"    -o CMakeFiles/cmTC_fa10d.dir/CheckSymbolExists.c.o   -c /home/david/VSC/IZG/izgProject/build/CMakeFiles/CMakeTmp/CheckSymbolExists.c
/home/david/VSC/IZG/izgProject/build/CMakeFiles/CMakeTmp/CheckSymbolExists.c: In function ‘main’:
/home/david/VSC/IZG/izgProject/build/CMakeFiles/CMakeTmp/CheckSymbolExists.c:14:19: error: ‘itoa’ undeclared (first use in this function)
   14 |   return ((int*)(&itoa))[argc];
      |                   ^~~~
/home/david/VSC/IZG/izgProject/build/CMakeFiles/CMakeTmp/CheckSymbolExists.c:14:19: note: each undeclared identifier is reported only once for each function it appears in
make[1]: *** [CMakeFiles/cmTC_fa10d.dir/build.make:66: CMakeFiles/cmTC_fa10d.dir/CheckSymbolExists.c.o] Error 1
make[1]: Leaving directory '/home/david/VSC/IZG/izgProject/build/CMakeFiles/CMakeTmp'
make: *** [Makefile:121: cmTC_fa10d/fast] Error 2


File /home/david/VSC/IZG/izgProject/build/CMakeFiles/CMakeTmp/CheckSymbolExists.c:
/* */
#include <stddef.h>
#include <stdarg.h>
#include <stdlib.h>
#include <string.h>
#include <stdio.h>
#include <wchar.h>
#include <float.h>

int main(int argc, char** argv)
{
  (void)argv;
#ifndef itoa
  return ((int*)(&itoa))[argc];
#else
  (void)argc;
  return 0;
#endif
}
Determining if the _ltoa exist failed with the following output:
Change Dir: /home/david/VSC/IZG/izgProject/build/CMakeFiles/CMakeTmp

Run Build Command(s):/usr/bin/make cmTC_539eb/fast && /usr/bin/make -f CMakeFiles/cmTC_539eb.dir/build.make CMakeFiles/cmTC_539eb.dir/build
make[1]: Entering directory '/home/david/VSC/IZG/izgProject/build/CMakeFiles/CMakeTmp'
Building C object CMakeFiles/cmTC_539eb.dir/CheckSymbolExists.c.o
/usr/bin/cc   -g -O3 -idirafter "/home/david/VSC/IZG/izgProject/libs/SDL2-2.0.14/src/video/khronos"    -o CMakeFiles/cmTC_539eb.dir/CheckSymbolExists.c.o   -c /home/david/VSC/IZG/izgProject/build/CMakeFiles/CMakeTmp/CheckSymbolExists.c
/home/david/VSC/IZG/izgProject/build/CMakeFiles/CMakeTmp/CheckSymbolExists.c: In function ‘main’:
/home/david/VSC/IZG/izgProject/build/CMakeFiles/CMakeTmp/CheckSymbolExists.c:14:19: error: ‘_ltoa’ undeclared (first use in this function)
   14 |   return ((int*)(&_ltoa))[argc];
      |                   ^~~~~
/home/david/VSC/IZG/izgProject/build/CMakeFiles/CMakeTmp/CheckSymbolExists.c:14:19: note: each undeclared identifier is reported only once for each function it appears in
make[1]: *** [CMakeFiles/cmTC_539eb.dir/build.make:66: CMakeFiles/cmTC_539eb.dir/CheckSymbolExists.c.o] Error 1
make[1]: Leaving directory '/home/david/VSC/IZG/izgProject/build/CMakeFiles/CMakeTmp'
make: *** [Makefile:121: cmTC_539eb/fast] Error 2


File /home/david/VSC/IZG/izgProject/build/CMakeFiles/CMakeTmp/CheckSymbolExists.c:
/* */
#include <stddef.h>
#include <stdarg.h>
#include <stdlib.h>
#include <string.h>
#include <stdio.h>
#include <wchar.h>
#include <float.h>

int main(int argc, char** argv)
{
  (void)argv;
#ifndef _ltoa
  return ((int*)(&_ltoa))[argc];
#else
  (void)argc;
  return 0;
#endif
}
Determining if the _uitoa exist failed with the following output:
Change Dir: /home/david/VSC/IZG/izgProject/build/CMakeFiles/CMakeTmp

Run Build Command(s):/usr/bin/make cmTC_f12a6/fast && /usr/bin/make -f CMakeFiles/cmTC_f12a6.dir/build.make CMakeFiles/cmTC_f12a6.dir/build
make[1]: Entering directory '/home/david/VSC/IZG/izgProject/build/CMakeFiles/CMakeTmp'
Building C object CMakeFiles/cmTC_f12a6.dir/CheckSymbolExists.c.o
/usr/bin/cc   -g -O3 -idirafter "/home/david/VSC/IZG/izgProject/libs/SDL2-2.0.14/src/video/khronos"    -o CMakeFiles/cmTC_f12a6.dir/CheckSymbolExists.c.o   -c /home/david/VSC/IZG/izgProject/build/CMakeFiles/CMakeTmp/CheckSymbolExists.c
/home/david/VSC/IZG/izgProject/build/CMakeFiles/CMakeTmp/CheckSymbolExists.c: In function ‘main’:
/home/david/VSC/IZG/izgProject/build/CMakeFiles/CMakeTmp/CheckSymbolExists.c:14:19: error: ‘_uitoa’ undeclared (first use in this function)
   14 |   return ((int*)(&_uitoa))[argc];
      |                   ^~~~~~
/home/david/VSC/IZG/izgProject/build/CMakeFiles/CMakeTmp/CheckSymbolExists.c:14:19: note: each undeclared identifier is reported only once for each function it appears in
make[1]: *** [CMakeFiles/cmTC_f12a6.dir/build.make:66: CMakeFiles/cmTC_f12a6.dir/CheckSymbolExists.c.o] Error 1
make[1]: Leaving directory '/home/david/VSC/IZG/izgProject/build/CMakeFiles/CMakeTmp'
make: *** [Makefile:121: cmTC_f12a6/fast] Error 2


File /home/david/VSC/IZG/izgProject/build/CMakeFiles/CMakeTmp/CheckSymbolExists.c:
/* */
#include <stddef.h>
#include <stdarg.h>
#include <stdlib.h>
#include <string.h>
#include <stdio.h>
#include <wchar.h>
#include <float.h>

int main(int argc, char** argv)
{
  (void)argv;
#ifndef _uitoa
  return ((int*)(&_uitoa))[argc];
#else
  (void)argc;
  return 0;
#endif
}
Determining if the _ultoa exist failed with the following output:
Change Dir: /home/david/VSC/IZG/izgProject/build/CMakeFiles/CMakeTmp

Run Build Command(s):/usr/bin/make cmTC_c50fd/fast && /usr/bin/make -f CMakeFiles/cmTC_c50fd.dir/build.make CMakeFiles/cmTC_c50fd.dir/build
make[1]: Entering directory '/home/david/VSC/IZG/izgProject/build/CMakeFiles/CMakeTmp'
Building C object CMakeFiles/cmTC_c50fd.dir/CheckSymbolExists.c.o
/usr/bin/cc   -g -O3 -idirafter "/home/david/VSC/IZG/izgProject/libs/SDL2-2.0.14/src/video/khronos"    -o CMakeFiles/cmTC_c50fd.dir/CheckSymbolExists.c.o   -c /home/david/VSC/IZG/izgProject/build/CMakeFiles/CMakeTmp/CheckSymbolExists.c
/home/david/VSC/IZG/izgProject/build/CMakeFiles/CMakeTmp/CheckSymbolExists.c: In function ‘main’:
/home/david/VSC/IZG/izgProject/build/CMakeFiles/CMakeTmp/CheckSymbolExists.c:14:19: error: ‘_ultoa’ undeclared (first use in this function)
   14 |   return ((int*)(&_ultoa))[argc];
      |                   ^~~~~~
/home/david/VSC/IZG/izgProject/build/CMakeFiles/CMakeTmp/CheckSymbolExists.c:14:19: note: each undeclared identifier is reported only once for each function it appears in
make[1]: *** [CMakeFiles/cmTC_c50fd.dir/build.make:66: CMakeFiles/cmTC_c50fd.dir/CheckSymbolExists.c.o] Error 1
make[1]: Leaving directory '/home/david/VSC/IZG/izgProject/build/CMakeFiles/CMakeTmp'
make: *** [Makefile:121: cmTC_c50fd/fast] Error 2


File /home/david/VSC/IZG/izgProject/build/CMakeFiles/CMakeTmp/CheckSymbolExists.c:
/* */
#include <stddef.h>
#include <stdarg.h>
#include <stdlib.h>
#include <string.h>
#include <stdio.h>
#include <wchar.h>
#include <float.h>

int main(int argc, char** argv)
{
  (void)argv;
#ifndef _ultoa
  return ((int*)(&_ultoa))[argc];
#else
  (void)argc;
  return 0;
#endif
}
Determining if the _i64toa exist failed with the following output:
Change Dir: /home/david/VSC/IZG/izgProject/build/CMakeFiles/CMakeTmp

Run Build Command(s):/usr/bin/make cmTC_d7220/fast && /usr/bin/make -f CMakeFiles/cmTC_d7220.dir/build.make CMakeFiles/cmTC_d7220.dir/build
make[1]: Entering directory '/home/david/VSC/IZG/izgProject/build/CMakeFiles/CMakeTmp'
Building C object CMakeFiles/cmTC_d7220.dir/CheckSymbolExists.c.o
/usr/bin/cc   -g -O3 -idirafter "/home/david/VSC/IZG/izgProject/libs/SDL2-2.0.14/src/video/khronos"    -o CMakeFiles/cmTC_d7220.dir/CheckSymbolExists.c.o   -c /home/david/VSC/IZG/izgProject/build/CMakeFiles/CMakeTmp/CheckSymbolExists.c
/home/david/VSC/IZG/izgProject/build/CMakeFiles/CMakeTmp/CheckSymbolExists.c: In function ‘main’:
/home/david/VSC/IZG/izgProject/build/CMakeFiles/CMakeTmp/CheckSymbolExists.c:14:19: error: ‘_i64toa’ undeclared (first use in this function)
   14 |   return ((int*)(&_i64toa))[argc];
      |                   ^~~~~~~
/home/david/VSC/IZG/izgProject/build/CMakeFiles/CMakeTmp/CheckSymbolExists.c:14:19: note: each undeclared identifier is reported only once for each function it appears in
make[1]: *** [CMakeFiles/cmTC_d7220.dir/build.make:66: CMakeFiles/cmTC_d7220.dir/CheckSymbolExists.c.o] Error 1
make[1]: Leaving directory '/home/david/VSC/IZG/izgProject/build/CMakeFiles/CMakeTmp'
make: *** [Makefile:121: cmTC_d7220/fast] Error 2


File /home/david/VSC/IZG/izgProject/build/CMakeFiles/CMakeTmp/CheckSymbolExists.c:
/* */
#include <stddef.h>
#include <stdarg.h>
#include <stdlib.h>
#include <string.h>
#include <stdio.h>
#include <wchar.h>
#include <float.h>

int main(int argc, char** argv)
{
  (void)argv;
#ifndef _i64toa
  return ((int*)(&_i64toa))[argc];
#else
  (void)argc;
  return 0;
#endif
}
Determining if the _ui64toa exist failed with the following output:
Change Dir: /home/david/VSC/IZG/izgProject/build/CMakeFiles/CMakeTmp

Run Build Command(s):/usr/bin/make cmTC_9793e/fast && /usr/bin/make -f CMakeFiles/cmTC_9793e.dir/build.make CMakeFiles/cmTC_9793e.dir/build
make[1]: Entering directory '/home/david/VSC/IZG/izgProject/build/CMakeFiles/CMakeTmp'
Building C object CMakeFiles/cmTC_9793e.dir/CheckSymbolExists.c.o
/usr/bin/cc   -g -O3 -idirafter "/home/david/VSC/IZG/izgProject/libs/SDL2-2.0.14/src/video/khronos"    -o CMakeFiles/cmTC_9793e.dir/CheckSymbolExists.c.o   -c /home/david/VSC/IZG/izgProject/build/CMakeFiles/CMakeTmp/CheckSymbolExists.c
/home/david/VSC/IZG/izgProject/build/CMakeFiles/CMakeTmp/CheckSymbolExists.c: In function ‘main’:
/home/david/VSC/IZG/izgProject/build/CMakeFiles/CMakeTmp/CheckSymbolExists.c:14:19: error: ‘_ui64toa’ undeclared (first use in this function)
   14 |   return ((int*)(&_ui64toa))[argc];
      |                   ^~~~~~~~
/home/david/VSC/IZG/izgProject/build/CMakeFiles/CMakeTmp/CheckSymbolExists.c:14:19: note: each undeclared identifier is reported only once for each function it appears in
make[1]: *** [CMakeFiles/cmTC_9793e.dir/build.make:66: CMakeFiles/cmTC_9793e.dir/CheckSymbolExists.c.o] Error 1
make[1]: Leaving directory '/home/david/VSC/IZG/izgProject/build/CMakeFiles/CMakeTmp'
make: *** [Makefile:121: cmTC_9793e/fast] Error 2


File /home/david/VSC/IZG/izgProject/build/CMakeFiles/CMakeTmp/CheckSymbolExists.c:
/* */
#include <stddef.h>
#include <stdarg.h>
#include <stdlib.h>
#include <string.h>
#include <stdio.h>
#include <wchar.h>
#include <float.h>

int main(int argc, char** argv)
{
  (void)argv;
#ifndef _ui64toa
  return ((int*)(&_ui64toa))[argc];
#else
  (void)argc;
  return 0;
#endif
}
Determining if the _stricmp exist failed with the following output:
Change Dir: /home/david/VSC/IZG/izgProject/build/CMakeFiles/CMakeTmp

Run Build Command(s):/usr/bin/make cmTC_ee594/fast && /usr/bin/make -f CMakeFiles/cmTC_ee594.dir/build.make CMakeFiles/cmTC_ee594.dir/build
make[1]: Entering directory '/home/david/VSC/IZG/izgProject/build/CMakeFiles/CMakeTmp'
Building C object CMakeFiles/cmTC_ee594.dir/CheckSymbolExists.c.o
/usr/bin/cc   -g -O3 -idirafter "/home/david/VSC/IZG/izgProject/libs/SDL2-2.0.14/src/video/khronos"    -o CMakeFiles/cmTC_ee594.dir/CheckSymbolExists.c.o   -c /home/david/VSC/IZG/izgProject/build/CMakeFiles/CMakeTmp/CheckSymbolExists.c
/home/david/VSC/IZG/izgProject/build/CMakeFiles/CMakeTmp/CheckSymbolExists.c: In function ‘main’:
/home/david/VSC/IZG/izgProject/build/CMakeFiles/CMakeTmp/CheckSymbolExists.c:14:19: error: ‘_stricmp’ undeclared (first use in this function); did you mean ‘strncmp’?
   14 |   return ((int*)(&_stricmp))[argc];
      |                   ^~~~~~~~
      |                   strncmp
/home/david/VSC/IZG/izgProject/build/CMakeFiles/CMakeTmp/CheckSymbolExists.c:14:19: note: each undeclared identifier is reported only once for each function it appears in
make[1]: *** [CMakeFiles/cmTC_ee594.dir/build.make:66: CMakeFiles/cmTC_ee594.dir/CheckSymbolExists.c.o] Error 1
make[1]: Leaving directory '/home/david/VSC/IZG/izgProject/build/CMakeFiles/CMakeTmp'
make: *** [Makefile:121: cmTC_ee594/fast] Error 2


File /home/david/VSC/IZG/izgProject/build/CMakeFiles/CMakeTmp/CheckSymbolExists.c:
/* */
#include <stddef.h>
#include <stdarg.h>
#include <stdlib.h>
#include <string.h>
#include <stdio.h>
#include <wchar.h>
#include <float.h>

int main(int argc, char** argv)
{
  (void)argv;
#ifndef _stricmp
  return ((int*)(&_stricmp))[argc];
#else
  (void)argc;
  return 0;
#endif
}
Determining if the _strnicmp exist failed with the following output:
Change Dir: /home/david/VSC/IZG/izgProject/build/CMakeFiles/CMakeTmp

Run Build Command(s):/usr/bin/make cmTC_70749/fast && /usr/bin/make -f CMakeFiles/cmTC_70749.dir/build.make CMakeFiles/cmTC_70749.dir/build
make[1]: Entering directory '/home/david/VSC/IZG/izgProject/build/CMakeFiles/CMakeTmp'
Building C object CMakeFiles/cmTC_70749.dir/CheckSymbolExists.c.o
/usr/bin/cc   -g -O3 -idirafter "/home/david/VSC/IZG/izgProject/libs/SDL2-2.0.14/src/video/khronos"    -o CMakeFiles/cmTC_70749.dir/CheckSymbolExists.c.o   -c /home/david/VSC/IZG/izgProject/build/CMakeFiles/CMakeTmp/CheckSymbolExists.c
/home/david/VSC/IZG/izgProject/build/CMakeFiles/CMakeTmp/CheckSymbolExists.c: In function ‘main’:
/home/david/VSC/IZG/izgProject/build/CMakeFiles/CMakeTmp/CheckSymbolExists.c:14:19: error: ‘_strnicmp’ undeclared (first use in this function); did you mean ‘strncmp’?
   14 |   return ((int*)(&_strnicmp))[argc];
      |                   ^~~~~~~~~
      |                   strncmp
/home/david/VSC/IZG/izgProject/build/CMakeFiles/CMakeTmp/CheckSymbolExists.c:14:19: note: each undeclared identifier is reported only once for each function it appears in
make[1]: *** [CMakeFiles/cmTC_70749.dir/build.make:66: CMakeFiles/cmTC_70749.dir/CheckSymbolExists.c.o] Error 1
make[1]: Leaving directory '/home/david/VSC/IZG/izgProject/build/CMakeFiles/CMakeTmp'
make: *** [Makefile:121: cmTC_70749/fast] Error 2


File /home/david/VSC/IZG/izgProject/build/CMakeFiles/CMakeTmp/CheckSymbolExists.c:
/* */
#include <stddef.h>
#include <stdarg.h>
#include <stdlib.h>
#include <string.h>
#include <stdio.h>
#include <wchar.h>
#include <float.h>

int main(int argc, char** argv)
{
  (void)argv;
#ifndef _strnicmp
  return ((int*)(&_strnicmp))[argc];
#else
  (void)argc;
  return 0;
#endif
}
Determining if the wcslcat exist failed with the following output:
Change Dir: /home/david/VSC/IZG/izgProject/build/CMakeFiles/CMakeTmp

Run Build Command(s):/usr/bin/make cmTC_3a9c7/fast && /usr/bin/make -f CMakeFiles/cmTC_3a9c7.dir/build.make CMakeFiles/cmTC_3a9c7.dir/build
make[1]: Entering directory '/home/david/VSC/IZG/izgProject/build/CMakeFiles/CMakeTmp'
Building C object CMakeFiles/cmTC_3a9c7.dir/CheckSymbolExists.c.o
/usr/bin/cc   -g -O3 -idirafter "/home/david/VSC/IZG/izgProject/libs/SDL2-2.0.14/src/video/khronos"    -o CMakeFiles/cmTC_3a9c7.dir/CheckSymbolExists.c.o   -c /home/david/VSC/IZG/izgProject/build/CMakeFiles/CMakeTmp/CheckSymbolExists.c
/home/david/VSC/IZG/izgProject/build/CMakeFiles/CMakeTmp/CheckSymbolExists.c: In function ‘main’:
/home/david/VSC/IZG/izgProject/build/CMakeFiles/CMakeTmp/CheckSymbolExists.c:14:19: error: ‘wcslcat’ undeclared (first use in this function); did you mean ‘wcsncat’?
   14 |   return ((int*)(&wcslcat))[argc];
      |                   ^~~~~~~
      |                   wcsncat
/home/david/VSC/IZG/izgProject/build/CMakeFiles/CMakeTmp/CheckSymbolExists.c:14:19: note: each undeclared identifier is reported only once for each function it appears in
make[1]: *** [CMakeFiles/cmTC_3a9c7.dir/build.make:66: CMakeFiles/cmTC_3a9c7.dir/CheckSymbolExists.c.o] Error 1
make[1]: Leaving directory '/home/david/VSC/IZG/izgProject/build/CMakeFiles/CMakeTmp'
make: *** [Makefile:121: cmTC_3a9c7/fast] Error 2


File /home/david/VSC/IZG/izgProject/build/CMakeFiles/CMakeTmp/CheckSymbolExists.c:
/* */
#include <stddef.h>
#include <stdarg.h>
#include <stdlib.h>
#include <string.h>
#include <stdio.h>
#include <wchar.h>
#include <float.h>

int main(int argc, char** argv)
{
  (void)argv;
#ifndef wcslcat
  return ((int*)(&wcslcat))[argc];
#else
  (void)argc;
  return 0;
#endif
}
Determining if the wcslcpy exist failed with the following output:
Change Dir: /home/david/VSC/IZG/izgProject/build/CMakeFiles/CMakeTmp

Run Build Command(s):/usr/bin/make cmTC_783f3/fast && /usr/bin/make -f CMakeFiles/cmTC_783f3.dir/build.make CMakeFiles/cmTC_783f3.dir/build
make[1]: Entering directory '/home/david/VSC/IZG/izgProject/build/CMakeFiles/CMakeTmp'
Building C object CMakeFiles/cmTC_783f3.dir/CheckSymbolExists.c.o
/usr/bin/cc   -g -O3 -idirafter "/home/david/VSC/IZG/izgProject/libs/SDL2-2.0.14/src/video/khronos"    -o CMakeFiles/cmTC_783f3.dir/CheckSymbolExists.c.o   -c /home/david/VSC/IZG/izgProject/build/CMakeFiles/CMakeTmp/CheckSymbolExists.c
/home/david/VSC/IZG/izgProject/build/CMakeFiles/CMakeTmp/CheckSymbolExists.c: In function ‘main’:
/home/david/VSC/IZG/izgProject/build/CMakeFiles/CMakeTmp/CheckSymbolExists.c:14:19: error: ‘wcslcpy’ undeclared (first use in this function); did you mean ‘wcsncpy’?
   14 |   return ((int*)(&wcslcpy))[argc];
      |                   ^~~~~~~
      |                   wcsncpy
/home/david/VSC/IZG/izgProject/build/CMakeFiles/CMakeTmp/CheckSymbolExists.c:14:19: note: each undeclared identifier is reported only once for each function it appears in
make[1]: *** [CMakeFiles/cmTC_783f3.dir/build.make:66: CMakeFiles/cmTC_783f3.dir/CheckSymbolExists.c.o] Error 1
make[1]: Leaving directory '/home/david/VSC/IZG/izgProject/build/CMakeFiles/CMakeTmp'
make: *** [Makefile:121: cmTC_783f3/fast] Error 2


File /home/david/VSC/IZG/izgProject/build/CMakeFiles/CMakeTmp/CheckSymbolExists.c:
/* */
#include <stddef.h>
#include <stdarg.h>
#include <stdlib.h>
#include <string.h>
#include <stdio.h>
#include <wchar.h>
#include <float.h>

int main(int argc, char** argv)
{
  (void)argv;
#ifndef wcslcpy
  return ((int*)(&wcslcpy))[argc];
#else
  (void)argc;
  return 0;
#endif
}
Determining if the _wcsicmp exist failed with the following output:
Change Dir: /home/david/VSC/IZG/izgProject/build/CMakeFiles/CMakeTmp

Run Build Command(s):/usr/bin/make cmTC_2699e/fast && /usr/bin/make -f CMakeFiles/cmTC_2699e.dir/build.make CMakeFiles/cmTC_2699e.dir/build
make[1]: Entering directory '/home/david/VSC/IZG/izgProject/build/CMakeFiles/CMakeTmp'
Building C object CMakeFiles/cmTC_2699e.dir/CheckSymbolExists.c.o
/usr/bin/cc   -g -O3 -idirafter "/home/david/VSC/IZG/izgProject/libs/SDL2-2.0.14/src/video/khronos"    -o CMakeFiles/cmTC_2699e.dir/CheckSymbolExists.c.o   -c /home/david/VSC/IZG/izgProject/build/CMakeFiles/CMakeTmp/CheckSymbolExists.c
/home/david/VSC/IZG/izgProject/build/CMakeFiles/CMakeTmp/CheckSymbolExists.c: In function ‘main’:
/home/david/VSC/IZG/izgProject/build/CMakeFiles/CMakeTmp/CheckSymbolExists.c:14:19: error: ‘_wcsicmp’ undeclared (first use in this function); did you mean ‘wcsncmp’?
   14 |   return ((int*)(&_wcsicmp))[argc];
      |                   ^~~~~~~~
      |                   wcsncmp
/home/david/VSC/IZG/izgProject/build/CMakeFiles/CMakeTmp/CheckSymbolExists.c:14:19: note: each undeclared identifier is reported only once for each function it appears in
make[1]: *** [CMakeFiles/cmTC_2699e.dir/build.make:66: CMakeFiles/cmTC_2699e.dir/CheckSymbolExists.c.o] Error 1
make[1]: Leaving directory '/home/david/VSC/IZG/izgProject/build/CMakeFiles/CMakeTmp'
make: *** [Makefile:121: cmTC_2699e/fast] Error 2


File /home/david/VSC/IZG/izgProject/build/CMakeFiles/CMakeTmp/CheckSymbolExists.c:
/* */
#include <stddef.h>
#include <stdarg.h>
#include <stdlib.h>
#include <string.h>
#include <stdio.h>
#include <wchar.h>
#include <float.h>

int main(int argc, char** argv)
{
  (void)argv;
#ifndef _wcsicmp
  return ((int*)(&_wcsicmp))[argc];
#else
  (void)argc;
  return 0;
#endif
}
Determining if the _wcsnicmp exist failed with the following output:
Change Dir: /home/david/VSC/IZG/izgProject/build/CMakeFiles/CMakeTmp

Run Build Command(s):/usr/bin/make cmTC_47d5a/fast && /usr/bin/make -f CMakeFiles/cmTC_47d5a.dir/build.make CMakeFiles/cmTC_47d5a.dir/build
make[1]: Entering directory '/home/david/VSC/IZG/izgProject/build/CMakeFiles/CMakeTmp'
Building C object CMakeFiles/cmTC_47d5a.dir/CheckSymbolExists.c.o
/usr/bin/cc   -g -O3 -idirafter "/home/david/VSC/IZG/izgProject/libs/SDL2-2.0.14/src/video/khronos"    -o CMakeFiles/cmTC_47d5a.dir/CheckSymbolExists.c.o   -c /home/david/VSC/IZG/izgProject/build/CMakeFiles/CMakeTmp/CheckSymbolExists.c
/home/david/VSC/IZG/izgProject/build/CMakeFiles/CMakeTmp/CheckSymbolExists.c: In function ‘main’:
/home/david/VSC/IZG/izgProject/build/CMakeFiles/CMakeTmp/CheckSymbolExists.c:14:19: error: ‘_wcsnicmp’ undeclared (first use in this function); did you mean ‘wcsncmp’?
   14 |   return ((int*)(&_wcsnicmp))[argc];
      |                   ^~~~~~~~~
      |                   wcsncmp
/home/david/VSC/IZG/izgProject/build/CMakeFiles/CMakeTmp/CheckSymbolExists.c:14:19: note: each undeclared identifier is reported only once for each function it appears in
make[1]: *** [CMakeFiles/cmTC_47d5a.dir/build.make:66: CMakeFiles/cmTC_47d5a.dir/CheckSymbolExists.c.o] Error 1
make[1]: Leaving directory '/home/david/VSC/IZG/izgProject/build/CMakeFiles/CMakeTmp'
make: *** [Makefile:121: cmTC_47d5a/fast] Error 2


File /home/david/VSC/IZG/izgProject/build/CMakeFiles/CMakeTmp/CheckSymbolExists.c:
/* */
#include <stddef.h>
#include <stdarg.h>
#include <stdlib.h>
#include <string.h>
#include <stdio.h>
#include <wchar.h>
#include <float.h>

int main(int argc, char** argv)
{
  (void)argv;
#ifndef _wcsnicmp
  return ((int*)(&_wcsnicmp))[argc];
#else
  (void)argc;
  return 0;
#endif
}
Determining if the fopen64 exist failed with the following output:
Change Dir: /home/david/VSC/IZG/izgProject/build/CMakeFiles/CMakeTmp

Run Build Command(s):/usr/bin/make cmTC_6f16c/fast && /usr/bin/make -f CMakeFiles/cmTC_6f16c.dir/build.make CMakeFiles/cmTC_6f16c.dir/build
make[1]: Entering directory '/home/david/VSC/IZG/izgProject/build/CMakeFiles/CMakeTmp'
Building C object CMakeFiles/cmTC_6f16c.dir/CheckSymbolExists.c.o
/usr/bin/cc   -g -O3 -idirafter "/home/david/VSC/IZG/izgProject/libs/SDL2-2.0.14/src/video/khronos"    -o CMakeFiles/cmTC_6f16c.dir/CheckSymbolExists.c.o   -c /home/david/VSC/IZG/izgProject/build/CMakeFiles/CMakeTmp/CheckSymbolExists.c
/home/david/VSC/IZG/izgProject/build/CMakeFiles/CMakeTmp/CheckSymbolExists.c: In function ‘main’:
/home/david/VSC/IZG/izgProject/build/CMakeFiles/CMakeTmp/CheckSymbolExists.c:14:19: error: ‘fopen64’ undeclared (first use in this function); did you mean ‘fopen’?
   14 |   return ((int*)(&fopen64))[argc];
      |                   ^~~~~~~
      |                   fopen
/home/david/VSC/IZG/izgProject/build/CMakeFiles/CMakeTmp/CheckSymbolExists.c:14:19: note: each undeclared identifier is reported only once for each function it appears in
make[1]: *** [CMakeFiles/cmTC_6f16c.dir/build.make:66: CMakeFiles/cmTC_6f16c.dir/CheckSymbolExists.c.o] Error 1
make[1]: Leaving directory '/home/david/VSC/IZG/izgProject/build/CMakeFiles/CMakeTmp'
make: *** [Makefile:121: cmTC_6f16c/fast] Error 2


File /home/david/VSC/IZG/izgProject/build/CMakeFiles/CMakeTmp/CheckSymbolExists.c:
/* */
#include <stddef.h>
#include <stdarg.h>
#include <stdlib.h>
#include <string.h>
#include <stdio.h>
#include <wchar.h>
#include <float.h>

int main(int argc, char** argv)
{
  (void)argv;
#ifndef fopen64
  return ((int*)(&fopen64))[argc];
#else
  (void)argc;
  return 0;
#endif
}
Determining if the fseeko64 exist failed with the following output:
Change Dir: /home/david/VSC/IZG/izgProject/build/CMakeFiles/CMakeTmp

Run Build Command(s):/usr/bin/make cmTC_0bb60/fast && /usr/bin/make -f CMakeFiles/cmTC_0bb60.dir/build.make CMakeFiles/cmTC_0bb60.dir/build
make[1]: Entering directory '/home/david/VSC/IZG/izgProject/build/CMakeFiles/CMakeTmp'
Building C object CMakeFiles/cmTC_0bb60.dir/CheckSymbolExists.c.o
/usr/bin/cc   -g -O3 -idirafter "/home/david/VSC/IZG/izgProject/libs/SDL2-2.0.14/src/video/khronos"    -o CMakeFiles/cmTC_0bb60.dir/CheckSymbolExists.c.o   -c /home/david/VSC/IZG/izgProject/build/CMakeFiles/CMakeTmp/CheckSymbolExists.c
/home/david/VSC/IZG/izgProject/build/CMakeFiles/CMakeTmp/CheckSymbolExists.c: In function ‘main’:
/home/david/VSC/IZG/izgProject/build/CMakeFiles/CMakeTmp/CheckSymbolExists.c:14:19: error: ‘fseeko64’ undeclared (first use in this function); did you mean ‘fseeko’?
   14 |   return ((int*)(&fseeko64))[argc];
      |                   ^~~~~~~~
      |                   fseeko
/home/david/VSC/IZG/izgProject/build/CMakeFiles/CMakeTmp/CheckSymbolExists.c:14:19: note: each undeclared identifier is reported only once for each function it appears in
make[1]: *** [CMakeFiles/cmTC_0bb60.dir/build.make:66: CMakeFiles/cmTC_0bb60.dir/CheckSymbolExists.c.o] Error 1
make[1]: Leaving directory '/home/david/VSC/IZG/izgProject/build/CMakeFiles/CMakeTmp'
make: *** [Makefile:121: cmTC_0bb60/fast] Error 2


File /home/david/VSC/IZG/izgProject/build/CMakeFiles/CMakeTmp/CheckSymbolExists.c:
/* */
#include <stddef.h>
#include <stdarg.h>
#include <stdlib.h>
#include <string.h>
#include <stdio.h>
#include <wchar.h>
#include <float.h>

int main(int argc, char** argv)
{
  (void)argv;
#ifndef fseeko64
  return ((int*)(&fseeko64))[argc];
#else
  (void)argc;
  return 0;
#endif
}
Determining if the sysctlbyname exist failed with the following output:
Change Dir: /home/david/VSC/IZG/izgProject/build/CMakeFiles/CMakeTmp

Run Build Command(s):/usr/bin/make cmTC_674c2/fast && /usr/bin/make -f CMakeFiles/cmTC_674c2.dir/build.make CMakeFiles/cmTC_674c2.dir/build
make[1]: Entering directory '/home/david/VSC/IZG/izgProject/build/CMakeFiles/CMakeTmp'
Building C object CMakeFiles/cmTC_674c2.dir/CheckSymbolExists.c.o
/usr/bin/cc   -g -O3 -idirafter "/home/david/VSC/IZG/izgProject/libs/SDL2-2.0.14/src/video/khronos"    -o CMakeFiles/cmTC_674c2.dir/CheckSymbolExists.c.o   -c /home/david/VSC/IZG/izgProject/build/CMakeFiles/CMakeTmp/CheckSymbolExists.c
In file included from /home/david/VSC/IZG/izgProject/build/CMakeFiles/CMakeTmp/CheckSymbolExists.c:3:
/usr/include/x86_64-linux-gnu/sys/sysctl.h:21:2: warning: #warning "The <sys/sysctl.h> header is deprecated and will be removed." [-Wcpp]
   21 | #warning "The <sys/sysctl.h> header is deprecated and will be removed."
      |  ^~~~~~~
/home/david/VSC/IZG/izgProject/build/CMakeFiles/CMakeTmp/CheckSymbolExists.c: In function ‘main’:
/home/david/VSC/IZG/izgProject/build/CMakeFiles/CMakeTmp/CheckSymbolExists.c:9:19: error: ‘sysctlbyname’ undeclared (first use in this function)
    9 |   return ((int*)(&sysctlbyname))[argc];
      |                   ^~~~~~~~~~~~
/home/david/VSC/IZG/izgProject/build/CMakeFiles/CMakeTmp/CheckSymbolExists.c:9:19: note: each undeclared identifier is reported only once for each function it appears in
make[1]: *** [CMakeFiles/cmTC_674c2.dir/build.make:66: CMakeFiles/cmTC_674c2.dir/CheckSymbolExists.c.o] Error 1
make[1]: Leaving directory '/home/david/VSC/IZG/izgProject/build/CMakeFiles/CMakeTmp'
make: *** [Makefile:121: cmTC_674c2/fast] Error 2


File /home/david/VSC/IZG/izgProject/build/CMakeFiles/CMakeTmp/CheckSymbolExists.c:
/* */
#include <sys/types.h>
#include <sys/sysctl.h>

int main(int argc, char** argv)
{
  (void)argv;
#ifndef sysctlbyname
  return ((int*)(&sysctlbyname))[argc];
#else
  (void)argc;
  return 0;
#endif
}
Determining if the elf_aux_info exist failed with the following output:
Change Dir: /home/david/VSC/IZG/izgProject/build/CMakeFiles/CMakeTmp

Run Build Command(s):/usr/bin/make cmTC_aeafe/fast && /usr/bin/make -f CMakeFiles/cmTC_aeafe.dir/build.make CMakeFiles/cmTC_aeafe.dir/build
make[1]: Entering directory '/home/david/VSC/IZG/izgProject/build/CMakeFiles/CMakeTmp'
Building C object CMakeFiles/cmTC_aeafe.dir/CheckSymbolExists.c.o
/usr/bin/cc   -g -O3 -idirafter "/home/david/VSC/IZG/izgProject/libs/SDL2-2.0.14/src/video/khronos"    -o CMakeFiles/cmTC_aeafe.dir/CheckSymbolExists.c.o   -c /home/david/VSC/IZG/izgProject/build/CMakeFiles/CMakeTmp/CheckSymbolExists.c
/home/david/VSC/IZG/izgProject/build/CMakeFiles/CMakeTmp/CheckSymbolExists.c: In function ‘main’:
/home/david/VSC/IZG/izgProject/build/CMakeFiles/CMakeTmp/CheckSymbolExists.c:8:19: error: ‘elf_aux_info’ undeclared (first use in this function)
    8 |   return ((int*)(&elf_aux_info))[argc];
      |                   ^~~~~~~~~~~~
/home/david/VSC/IZG/izgProject/build/CMakeFiles/CMakeTmp/CheckSymbolExists.c:8:19: note: each undeclared identifier is reported only once for each function it appears in
make[1]: *** [CMakeFiles/cmTC_aeafe.dir/build.make:66: CMakeFiles/cmTC_aeafe.dir/CheckSymbolExists.c.o] Error 1
make[1]: Leaving directory '/home/david/VSC/IZG/izgProject/build/CMakeFiles/CMakeTmp'
make: *** [Makefile:121: cmTC_aeafe/fast] Error 2


File /home/david/VSC/IZG/izgProject/build/CMakeFiles/CMakeTmp/CheckSymbolExists.c:
/* */
#include <sys/auxv.h>

int main(int argc, char** argv)
{
  (void)argv;
#ifndef elf_aux_info
  return ((int*)(&elf_aux_info))[argc];
#else
  (void)argc;
  return 0;
#endif
}
Determining if the function iconv_open exists in the iconv failed with the following output:
Change Dir: /home/david/VSC/IZG/izgProject/build/CMakeFiles/CMakeTmp

Run Build Command(s):/usr/bin/make cmTC_77b9f/fast && /usr/bin/make -f CMakeFiles/cmTC_77b9f.dir/build.make CMakeFiles/cmTC_77b9f.dir/build
make[1]: Entering directory '/home/david/VSC/IZG/izgProject/build/CMakeFiles/CMakeTmp'
Building C object CMakeFiles/cmTC_77b9f.dir/CheckFunctionExists.c.o
/usr/bin/cc   -g -O3 -idirafter "/home/david/VSC/IZG/izgProject/libs/SDL2-2.0.14/src/video/khronos" -DCHECK_FUNCTION_EXISTS=iconv_open   -o CMakeFiles/cmTC_77b9f.dir/CheckFunctionExists.c.o   -c /usr/share/cmake-3.16/Modules/CheckFunctionExists.c
Linking C executable cmTC_77b9f
/usr/bin/cmake -E cmake_link_script CMakeFiles/cmTC_77b9f.dir/link.txt --verbose=1
/usr/bin/cc -g -O3 -idirafter "/home/david/VSC/IZG/izgProject/libs/SDL2-2.0.14/src/video/khronos" -DCHECK_FUNCTION_EXISTS=iconv_open    -rdynamic CMakeFiles/cmTC_77b9f.dir/CheckFunctionExists.c.o  -o cmTC_77b9f  -liconv 
/usr/bin/ld: cannot find -liconv
collect2: error: ld returned 1 exit status
make[1]: *** [CMakeFiles/cmTC_77b9f.dir/build.make:87: cmTC_77b9f] Error 1
make[1]: Leaving directory '/home/david/VSC/IZG/izgProject/build/CMakeFiles/CMakeTmp'
make: *** [Makefile:121: cmTC_77b9f/fast] Error 2



Determining if the alloca exist failed with the following output:
Change Dir: /home/david/VSC/IZG/izgProject/build/CMakeFiles/CMakeTmp

Run Build Command(s):/usr/bin/make cmTC_2389e/fast && /usr/bin/make -f CMakeFiles/cmTC_2389e.dir/build.make CMakeFiles/cmTC_2389e.dir/build
make[1]: Entering directory '/home/david/VSC/IZG/izgProject/build/CMakeFiles/CMakeTmp'
Building C object CMakeFiles/cmTC_2389e.dir/CheckSymbolExists.c.o
/usr/bin/cc   -g -O3 -idirafter "/home/david/VSC/IZG/izgProject/libs/SDL2-2.0.14/src/video/khronos"    -o CMakeFiles/cmTC_2389e.dir/CheckSymbolExists.c.o   -c /home/david/VSC/IZG/izgProject/build/CMakeFiles/CMakeTmp/CheckSymbolExists.c
/home/david/VSC/IZG/izgProject/build/CMakeFiles/CMakeTmp/CheckSymbolExists.c: In function ‘main’:
/home/david/VSC/IZG/izgProject/build/CMakeFiles/CMakeTmp/CheckSymbolExists.c:8:19: error: ‘alloca’ undeclared (first use in this function); did you mean ‘valloc’?
    8 |   return ((int*)(&alloca))[argc];
      |                   ^~~~~~
      |                   valloc
/home/david/VSC/IZG/izgProject/build/CMakeFiles/CMakeTmp/CheckSymbolExists.c:8:19: note: each undeclared identifier is reported only once for each function it appears in
make[1]: *** [CMakeFiles/cmTC_2389e.dir/build.make:66: CMakeFiles/cmTC_2389e.dir/CheckSymbolExists.c.o] Error 1
make[1]: Leaving directory '/home/david/VSC/IZG/izgProject/build/CMakeFiles/CMakeTmp'
make: *** [Makefile:121: cmTC_2389e/fast] Error 2


File /home/david/VSC/IZG/izgProject/build/CMakeFiles/CMakeTmp/CheckSymbolExists.c:
/* */
#include <malloc.h>

int main(int argc, char** argv)
{
  (void)argv;
#ifndef alloca
  return ((int*)(&alloca))[argc];
#else
  (void)argc;
  return 0;
#endif
}
Determining if the dlopen exist failed with the following output:
Change Dir: /home/david/VSC/IZG/izgProject/build/CMakeFiles/CMakeTmp

Run Build Command(s):/usr/bin/make cmTC_94bb9/fast && /usr/bin/make -f CMakeFiles/cmTC_94bb9.dir/build.make CMakeFiles/cmTC_94bb9.dir/build
make[1]: Entering directory '/home/david/VSC/IZG/izgProject/build/CMakeFiles/CMakeTmp'
Building C object CMakeFiles/cmTC_94bb9.dir/CheckSymbolExists.c.o
/usr/bin/cc   -g -O3 -idirafter "/home/david/VSC/IZG/izgProject/libs/SDL2-2.0.14/src/video/khronos"    -o CMakeFiles/cmTC_94bb9.dir/CheckSymbolExists.c.o   -c /home/david/VSC/IZG/izgProject/build/CMakeFiles/CMakeTmp/CheckSymbolExists.c
Linking C executable cmTC_94bb9
/usr/bin/cmake -E cmake_link_script CMakeFiles/cmTC_94bb9.dir/link.txt --verbose=1
/usr/bin/cc -g -O3 -idirafter "/home/david/VSC/IZG/izgProject/libs/SDL2-2.0.14/src/video/khronos"     -rdynamic CMakeFiles/cmTC_94bb9.dir/CheckSymbolExists.c.o  -o cmTC_94bb9 
/usr/bin/ld: CMakeFiles/cmTC_94bb9.dir/CheckSymbolExists.c.o: in function `main':
/home/david/VSC/IZG/izgProject/build/CMakeFiles/CMakeTmp/CheckSymbolExists.c:8: undefined reference to `dlopen'
collect2: error: ld returned 1 exit status
make[1]: *** [CMakeFiles/cmTC_94bb9.dir/build.make:87: cmTC_94bb9] Error 1
make[1]: Leaving directory '/home/david/VSC/IZG/izgProject/build/CMakeFiles/CMakeTmp'
make: *** [Makefile:121: cmTC_94bb9/fast] Error 2


File /home/david/VSC/IZG/izgProject/build/CMakeFiles/CMakeTmp/CheckSymbolExists.c:
/* */
#include <dlfcn.h>

int main(int argc, char** argv)
{
  (void)argv;
#ifndef dlopen
  return ((int*)(&dlopen))[argc];
#else
  (void)argc;
  return 0;
#endif
}
Determining if the include file audio/audiolib.h exists failed with the following output:
Change Dir: /home/david/VSC/IZG/izgProject/build/CMakeFiles/CMakeTmp

Run Build Command(s):/usr/bin/make cmTC_86332/fast && /usr/bin/make -f CMakeFiles/cmTC_86332.dir/build.make CMakeFiles/cmTC_86332.dir/build
make[1]: Entering directory '/home/david/VSC/IZG/izgProject/build/CMakeFiles/CMakeTmp'
Building C object CMakeFiles/cmTC_86332.dir/CheckIncludeFile.c.o
/usr/bin/cc   -g -O3 -idirafter "/home/david/VSC/IZG/izgProject/libs/SDL2-2.0.14/src/video/khronos"    -o CMakeFiles/cmTC_86332.dir/CheckIncludeFile.c.o   -c /home/david/VSC/IZG/izgProject/build/CMakeFiles/CMakeTmp/CheckIncludeFile.c
/home/david/VSC/IZG/izgProject/build/CMakeFiles/CMakeTmp/CheckIncludeFile.c:1:10: fatal error: audio/audiolib.h: No such file or directory
    1 | #include <audio/audiolib.h>
      |          ^~~~~~~~~~~~~~~~~~
compilation terminated.
make[1]: *** [CMakeFiles/cmTC_86332.dir/build.make:66: CMakeFiles/cmTC_86332.dir/CheckIncludeFile.c.o] Error 1
make[1]: Leaving directory '/home/david/VSC/IZG/izgProject/build/CMakeFiles/CMakeTmp'
make: *** [Makefile:121: cmTC_86332/fast] Error 2



Determining if the include file sndio.h exists failed with the following output:
Change Dir: /home/david/VSC/IZG/izgProject/build/CMakeFiles/CMakeTmp

Run Build Command(s):/usr/bin/make cmTC_35300/fast && /usr/bin/make -f CMakeFiles/cmTC_35300.dir/build.make CMakeFiles/cmTC_35300.dir/build
make[1]: Entering directory '/home/david/VSC/IZG/izgProject/build/CMakeFiles/CMakeTmp'
Building C object CMakeFiles/cmTC_35300.dir/CheckIncludeFile.c.o
/usr/bin/cc   -g -O3 -idirafter "/home/david/VSC/IZG/izgProject/libs/SDL2-2.0.14/src/video/khronos"    -o CMakeFiles/cmTC_35300.dir/CheckIncludeFile.c.o   -c /home/david/VSC/IZG/izgProject/build/CMakeFiles/CMakeTmp/CheckIncludeFile.c
/home/david/VSC/IZG/izgProject/build/CMakeFiles/CMakeTmp/CheckIncludeFile.c:1:10: fatal error: sndio.h: No such file or directory
    1 | #include <sndio.h>
      |          ^~~~~~~~~
compilation terminated.
make[1]: *** [CMakeFiles/cmTC_35300.dir/build.make:66: CMakeFiles/cmTC_35300.dir/CheckIncludeFile.c.o] Error 1
make[1]: Leaving directory '/home/david/VSC/IZG/izgProject/build/CMakeFiles/CMakeTmp'
make: *** [Makefile:121: cmTC_35300/fast] Error 2



Determining if the include file samplerate.h exists failed with the following output:
Change Dir: /home/david/VSC/IZG/izgProject/build/CMakeFiles/CMakeTmp

Run Build Command(s):/usr/bin/make cmTC_58248/fast && /usr/bin/make -f CMakeFiles/cmTC_58248.dir/build.make CMakeFiles/cmTC_58248.dir/build
make[1]: Entering directory '/home/david/VSC/IZG/izgProject/build/CMakeFiles/CMakeTmp'
Building C object CMakeFiles/cmTC_58248.dir/CheckIncludeFile.c.o
/usr/bin/cc   -g -O3 -idirafter "/home/david/VSC/IZG/izgProject/libs/SDL2-2.0.14/src/video/khronos"    -o CMakeFiles/cmTC_58248.dir/CheckIncludeFile.c.o   -c /home/david/VSC/IZG/izgProject/build/CMakeFiles/CMakeTmp/CheckIncludeFile.c
/home/david/VSC/IZG/izgProject/build/CMakeFiles/CMakeTmp/CheckIncludeFile.c:1:10: fatal error: samplerate.h: No such file or directory
    1 | #include <samplerate.h>
      |          ^~~~~~~~~~~~~~
compilation terminated.
make[1]: *** [CMakeFiles/cmTC_58248.dir/build.make:66: CMakeFiles/cmTC_58248.dir/CheckIncludeFile.c.o] Error 1
make[1]: Leaving directory '/home/david/VSC/IZG/izgProject/build/CMakeFiles/CMakeTmp'
make: *** [Makefile:121: cmTC_58248/fast] Error 2



Performing C SOURCE FILE Test HAVE_VIDEO_RPI failed with the following output:
Change Dir: /home/david/VSC/IZG/izgProject/build/CMakeFiles/CMakeTmp

Run Build Command(s):/usr/bin/make cmTC_97080/fast && /usr/bin/make -f CMakeFiles/cmTC_97080.dir/build.make CMakeFiles/cmTC_97080.dir/build
make[1]: Entering directory '/home/david/VSC/IZG/izgProject/build/CMakeFiles/CMakeTmp'
Building C object CMakeFiles/cmTC_97080.dir/src.c.o
/usr/bin/cc   -g -O3 -idirafter "/home/david/VSC/IZG/izgProject/libs/SDL2-2.0.14/src/video/khronos" -DHAVE_VIDEO_RPI  -I/opt/vc/include/interface/vmcs_host/linux/ -I/opt/vc/include/interface/vcos/pthreads -I/opt/vc/include  -L/opt/vc/lib   -std=gnu99 -o CMakeFiles/cmTC_97080.dir/src.c.o   -c /home/david/VSC/IZG/izgProject/build/CMakeFiles/CMakeTmp/src.c
/home/david/VSC/IZG/izgProject/build/CMakeFiles/CMakeTmp/src.c:2:18: fatal error: bcm_host.h: No such file or directory
    2 |         #include <bcm_host.h>
      |                  ^~~~~~~~~~~~
compilation terminated.
make[1]: *** [CMakeFiles/cmTC_97080.dir/build.make:66: CMakeFiles/cmTC_97080.dir/src.c.o] Error 1
make[1]: Leaving directory '/home/david/VSC/IZG/izgProject/build/CMakeFiles/CMakeTmp'
make: *** [Makefile:121: cmTC_97080/fast] Error 2


Source file was:

        #include <bcm_host.h>
        int main(int argc, char **argv) {}
Determining if the include file X11/Xcursor/Xcursor.h exists failed with the following output:
Change Dir: /home/david/VSC/IZG/izgProject/build/CMakeFiles/CMakeTmp

Run Build Command(s):/usr/bin/make cmTC_14e0a/fast && /usr/bin/make -f CMakeFiles/cmTC_14e0a.dir/build.make CMakeFiles/cmTC_14e0a.dir/build
make[1]: Entering directory '/home/david/VSC/IZG/izgProject/build/CMakeFiles/CMakeTmp'
Building C object CMakeFiles/cmTC_14e0a.dir/CheckIncludeFile.c.o
/usr/bin/cc   -g -O3 -idirafter "/home/david/VSC/IZG/izgProject/libs/SDL2-2.0.14/src/video/khronos"    -o CMakeFiles/cmTC_14e0a.dir/CheckIncludeFile.c.o   -c /home/david/VSC/IZG/izgProject/build/CMakeFiles/CMakeTmp/CheckIncludeFile.c
/home/david/VSC/IZG/izgProject/build/CMakeFiles/CMakeTmp/CheckIncludeFile.c:1:10: fatal error: X11/Xcursor/Xcursor.h: No such file or directory
    1 | #include <X11/Xcursor/Xcursor.h>
      |          ^~~~~~~~~~~~~~~~~~~~~~~
compilation terminated.
make[1]: *** [CMakeFiles/cmTC_14e0a.dir/build.make:66: CMakeFiles/cmTC_14e0a.dir/CheckIncludeFile.c.o] Error 1
make[1]: Leaving directory '/home/david/VSC/IZG/izgProject/build/CMakeFiles/CMakeTmp'
make: *** [Makefile:121: cmTC_14e0a/fast] Error 2



Determining if the include file X11/extensions/Xinerama.h exists failed with the following output:
Change Dir: /home/david/VSC/IZG/izgProject/build/CMakeFiles/CMakeTmp

Run Build Command(s):/usr/bin/make cmTC_55907/fast && /usr/bin/make -f CMakeFiles/cmTC_55907.dir/build.make CMakeFiles/cmTC_55907.dir/build
make[1]: Entering directory '/home/david/VSC/IZG/izgProject/build/CMakeFiles/CMakeTmp'
Building C object CMakeFiles/cmTC_55907.dir/CheckIncludeFile.c.o
/usr/bin/cc   -g -O3 -idirafter "/home/david/VSC/IZG/izgProject/libs/SDL2-2.0.14/src/video/khronos"    -o CMakeFiles/cmTC_55907.dir/CheckIncludeFile.c.o   -c /home/david/VSC/IZG/izgProject/build/CMakeFiles/CMakeTmp/CheckIncludeFile.c
/home/david/VSC/IZG/izgProject/build/CMakeFiles/CMakeTmp/CheckIncludeFile.c:1:10: fatal error: X11/extensions/Xinerama.h: No such file or directory
    1 | #include <X11/extensions/Xinerama.h>
      |          ^~~~~~~~~~~~~~~~~~~~~~~~~~~
compilation terminated.
make[1]: *** [CMakeFiles/cmTC_55907.dir/build.make:66: CMakeFiles/cmTC_55907.dir/CheckIncludeFile.c.o] Error 1
make[1]: Leaving directory '/home/david/VSC/IZG/izgProject/build/CMakeFiles/CMakeTmp'
make: *** [Makefile:121: cmTC_55907/fast] Error 2



Determining if the include file X11/extensions/XInput2.h exists failed with the following output:
Change Dir: /home/david/VSC/IZG/izgProject/build/CMakeFiles/CMakeTmp

Run Build Command(s):/usr/bin/make cmTC_2edbb/fast && /usr/bin/make -f CMakeFiles/cmTC_2edbb.dir/build.make CMakeFiles/cmTC_2edbb.dir/build
make[1]: Entering directory '/home/david/VSC/IZG/izgProject/build/CMakeFiles/CMakeTmp'
Building C object CMakeFiles/cmTC_2edbb.dir/CheckIncludeFile.c.o
/usr/bin/cc   -g -O3 -idirafter "/home/david/VSC/IZG/izgProject/libs/SDL2-2.0.14/src/video/khronos"    -o CMakeFiles/cmTC_2edbb.dir/CheckIncludeFile.c.o   -c /home/david/VSC/IZG/izgProject/build/CMakeFiles/CMakeTmp/CheckIncludeFile.c
/home/david/VSC/IZG/izgProject/build/CMakeFiles/CMakeTmp/CheckIncludeFile.c:1:10: fatal error: X11/extensions/XInput2.h: No such file or directory
    1 | #include <X11/extensions/XInput2.h>
      |          ^~~~~~~~~~~~~~~~~~~~~~~~~~
compilation terminated.
make[1]: *** [CMakeFiles/cmTC_2edbb.dir/build.make:66: CMakeFiles/cmTC_2edbb.dir/CheckIncludeFile.c.o] Error 1
make[1]: Leaving directory '/home/david/VSC/IZG/izgProject/build/CMakeFiles/CMakeTmp'
make: *** [Makefile:121: cmTC_2edbb/fast] Error 2



Determining if the include file X11/extensions/Xrandr.h exists failed with the following output:
Change Dir: /home/david/VSC/IZG/izgProject/build/CMakeFiles/CMakeTmp

Run Build Command(s):/usr/bin/make cmTC_e9a62/fast && /usr/bin/make -f CMakeFiles/cmTC_e9a62.dir/build.make CMakeFiles/cmTC_e9a62.dir/build
make[1]: Entering directory '/home/david/VSC/IZG/izgProject/build/CMakeFiles/CMakeTmp'
Building C object CMakeFiles/cmTC_e9a62.dir/CheckIncludeFile.c.o
/usr/bin/cc   -g -O3 -idirafter "/home/david/VSC/IZG/izgProject/libs/SDL2-2.0.14/src/video/khronos"    -o CMakeFiles/cmTC_e9a62.dir/CheckIncludeFile.c.o   -c /home/david/VSC/IZG/izgProject/build/CMakeFiles/CMakeTmp/CheckIncludeFile.c
/home/david/VSC/IZG/izgProject/build/CMakeFiles/CMakeTmp/CheckIncludeFile.c:1:10: fatal error: X11/extensions/Xrandr.h: No such file or directory
    1 | #include <X11/extensions/Xrandr.h>
      |          ^~~~~~~~~~~~~~~~~~~~~~~~~
compilation terminated.
make[1]: *** [CMakeFiles/cmTC_e9a62.dir/build.make:66: CMakeFiles/cmTC_e9a62.dir/CheckIncludeFile.c.o] Error 1
make[1]: Leaving directory '/home/david/VSC/IZG/izgProject/build/CMakeFiles/CMakeTmp'
make: *** [Makefile:121: cmTC_e9a62/fast] Error 2



Determining if the include file X11/extensions/Xrender.h exists failed with the following output:
Change Dir: /home/david/VSC/IZG/izgProject/build/CMakeFiles/CMakeTmp

Run Build Command(s):/usr/bin/make cmTC_2a6e9/fast && /usr/bin/make -f CMakeFiles/cmTC_2a6e9.dir/build.make CMakeFiles/cmTC_2a6e9.dir/build
make[1]: Entering directory '/home/david/VSC/IZG/izgProject/build/CMakeFiles/CMakeTmp'
Building C object CMakeFiles/cmTC_2a6e9.dir/CheckIncludeFile.c.o
/usr/bin/cc   -g -O3 -idirafter "/home/david/VSC/IZG/izgProject/libs/SDL2-2.0.14/src/video/khronos"    -o CMakeFiles/cmTC_2a6e9.dir/CheckIncludeFile.c.o   -c /home/david/VSC/IZG/izgProject/build/CMakeFiles/CMakeTmp/CheckIncludeFile.c
/home/david/VSC/IZG/izgProject/build/CMakeFiles/CMakeTmp/CheckIncludeFile.c:1:10: fatal error: X11/extensions/Xrender.h: No such file or directory
    1 | #include <X11/extensions/Xrender.h>
      |          ^~~~~~~~~~~~~~~~~~~~~~~~~~
compilation terminated.
make[1]: *** [CMakeFiles/cmTC_2a6e9.dir/build.make:66: CMakeFiles/cmTC_2a6e9.dir/CheckIncludeFile.c.o] Error 1
make[1]: Leaving directory '/home/david/VSC/IZG/izgProject/build/CMakeFiles/CMakeTmp'
make: *** [Makefile:121: cmTC_2a6e9/fast] Error 2



Determining if the include file X11/extensions/scrnsaver.h exists failed with the following output:
Change Dir: /home/david/VSC/IZG/izgProject/build/CMakeFiles/CMakeTmp

Run Build Command(s):/usr/bin/make cmTC_9c3c7/fast && /usr/bin/make -f CMakeFiles/cmTC_9c3c7.dir/build.make CMakeFiles/cmTC_9c3c7.dir/build
make[1]: Entering directory '/home/david/VSC/IZG/izgProject/build/CMakeFiles/CMakeTmp'
Building C object CMakeFiles/cmTC_9c3c7.dir/CheckIncludeFile.c.o
/usr/bin/cc   -g -O3 -idirafter "/home/david/VSC/IZG/izgProject/libs/SDL2-2.0.14/src/video/khronos"    -o CMakeFiles/cmTC_9c3c7.dir/CheckIncludeFile.c.o   -c /home/david/VSC/IZG/izgProject/build/CMakeFiles/CMakeTmp/CheckIncludeFile.c
/home/david/VSC/IZG/izgProject/build/CMakeFiles/CMakeTmp/CheckIncludeFile.c:1:10: fatal error: X11/extensions/scrnsaver.h: No such file or directory
    1 | #include <X11/extensions/scrnsaver.h>
      |          ^~~~~~~~~~~~~~~~~~~~~~~~~~~~
compilation terminated.
make[1]: *** [CMakeFiles/cmTC_9c3c7.dir/build.make:66: CMakeFiles/cmTC_9c3c7.dir/CheckIncludeFile.c.o] Error 1
make[1]: Leaving directory '/home/david/VSC/IZG/izgProject/build/CMakeFiles/CMakeTmp'
make: *** [Makefile:121: cmTC_9c3c7/fast] Error 2



Determining if files X11/Xlib.h;X11/extensions/xf86vmode.h exist failed with the following output:
Change Dir: /home/david/VSC/IZG/izgProject/build/CMakeFiles/CMakeTmp

Run Build Command(s):/usr/bin/make cmTC_97970/fast && /usr/bin/make -f CMakeFiles/cmTC_97970.dir/build.make CMakeFiles/cmTC_97970.dir/build
make[1]: Entering directory '/home/david/VSC/IZG/izgProject/build/CMakeFiles/CMakeTmp'
Building C object CMakeFiles/cmTC_97970.dir/HAVE_XF86VM_H.c.o
/usr/bin/cc   -g -O3 -idirafter "/home/david/VSC/IZG/izgProject/libs/SDL2-2.0.14/src/video/khronos"    -o CMakeFiles/cmTC_97970.dir/HAVE_XF86VM_H.c.o   -c /home/david/VSC/IZG/izgProject/build/CMakeFiles/CheckIncludeFiles/HAVE_XF86VM_H.c
/home/david/VSC/IZG/izgProject/build/CMakeFiles/CheckIncludeFiles/HAVE_XF86VM_H.c:3:10: fatal error: X11/extensions/xf86vmode.h: No such file or directory
    3 | #include <X11/extensions/xf86vmode.h>
      |          ^~~~~~~~~~~~~~~~~~~~~~~~~~~~
compilation terminated.
make[1]: *** [CMakeFiles/cmTC_97970.dir/build.make:66: CMakeFiles/cmTC_97970.dir/HAVE_XF86VM_H.c.o] Error 1
make[1]: Leaving directory '/home/david/VSC/IZG/izgProject/build/CMakeFiles/CMakeTmp'
make: *** [Makefile:121: cmTC_97970/fast] Error 2


Source:
/* */
#include <X11/Xlib.h>
#include <X11/extensions/xf86vmode.h>


int main(void){return 0;}

Performing C SOURCE FILE Test HAVE_VIDEO_VIVANTE_VDK failed with the following output:
Change Dir: /home/david/VSC/IZG/izgProject/build/CMakeFiles/CMakeTmp

Run Build Command(s):/usr/bin/make cmTC_50577/fast && /usr/bin/make -f CMakeFiles/cmTC_50577.dir/build.make CMakeFiles/cmTC_50577.dir/build
make[1]: Entering directory '/home/david/VSC/IZG/izgProject/build/CMakeFiles/CMakeTmp'
Building C object CMakeFiles/cmTC_50577.dir/src.c.o
/usr/bin/cc   -g -O3 -idirafter "/home/david/VSC/IZG/izgProject/libs/SDL2-2.0.14/src/video/khronos" -DHAVE_VIDEO_VIVANTE_VDK   -std=gnu99 -o CMakeFiles/cmTC_50577.dir/src.c.o   -c /home/david/VSC/IZG/izgProject/build/CMakeFiles/CMakeTmp/src.c
/home/david/VSC/IZG/izgProject/build/CMakeFiles/CMakeTmp/src.c:2:18: fatal error: gc_vdk.h: No such file or directory
    2 |         #include <gc_vdk.h>
      |                  ^~~~~~~~~~
compilation terminated.
make[1]: *** [CMakeFiles/cmTC_50577.dir/build.make:66: CMakeFiles/cmTC_50577.dir/src.c.o] Error 1
make[1]: Leaving directory '/home/david/VSC/IZG/izgProject/build/CMakeFiles/CMakeTmp'
make: *** [Makefile:121: cmTC_50577/fast] Error 2


Source file was:

        #include <gc_vdk.h>
        int main(int argc, char** argv) {}
Performing C SOURCE FILE Test HAVE_VIDEO_VIVANTE_EGL_FB failed with the following output:
Change Dir: /home/david/VSC/IZG/izgProject/build/CMakeFiles/CMakeTmp

Run Build Command(s):/usr/bin/make cmTC_86c8a/fast && /usr/bin/make -f CMakeFiles/cmTC_86c8a.dir/build.make CMakeFiles/cmTC_86c8a.dir/build
make[1]: Entering directory '/home/david/VSC/IZG/izgProject/build/CMakeFiles/CMakeTmp'
Building C object CMakeFiles/cmTC_86c8a.dir/src.c.o
/usr/bin/cc   -g -O3 -idirafter "/home/david/VSC/IZG/izgProject/libs/SDL2-2.0.14/src/video/khronos" -DHAVE_VIDEO_VIVANTE_EGL_FB   -std=gnu99 -o CMakeFiles/cmTC_86c8a.dir/src.c.o   -c /home/david/VSC/IZG/izgProject/build/CMakeFiles/CMakeTmp/src.c
/home/david/VSC/IZG/izgProject/build/CMakeFiles/CMakeTmp/src.c:4:18: fatal error: EGL/eglvivante.h: No such file or directory
    4 |         #include <EGL/eglvivante.h>
      |                  ^~~~~~~~~~~~~~~~~~
compilation terminated.
make[1]: *** [CMakeFiles/cmTC_86c8a.dir/build.make:66: CMakeFiles/cmTC_86c8a.dir/src.c.o] Error 1
make[1]: Leaving directory '/home/david/VSC/IZG/izgProject/build/CMakeFiles/CMakeTmp'
make: *** [Makefile:121: cmTC_86c8a/fast] Error 2


Source file was:

        #define LINUX
        #define EGL_API_FB
        #include <EGL/eglvivante.h>
        int main(int argc, char** argv) {}
Determining if the include file libudev.h exists failed with the following output:
Change Dir: /home/david/VSC/IZG/izgProject/build/CMakeFiles/CMakeTmp

Run Build Command(s):/usr/bin/make cmTC_947a4/fast && /usr/bin/make -f CMakeFiles/cmTC_947a4.dir/build.make CMakeFiles/cmTC_947a4.dir/build
make[1]: Entering directory '/home/david/VSC/IZG/izgProject/build/CMakeFiles/CMakeTmp'
Building C object CMakeFiles/cmTC_947a4.dir/CheckIncludeFile.c.o
/usr/bin/cc   -g -O3 -idirafter "/home/david/VSC/IZG/izgProject/libs/SDL2-2.0.14/src/video/khronos"     -o CMakeFiles/cmTC_947a4.dir/CheckIncludeFile.c.o   -c /home/david/VSC/IZG/izgProject/build/CMakeFiles/CMakeTmp/CheckIncludeFile.c
/home/david/VSC/IZG/izgProject/build/CMakeFiles/CMakeTmp/CheckIncludeFile.c:1:10: fatal error: libudev.h: No such file or directory
    1 | #include <libudev.h>
      |          ^~~~~~~~~~~
compilation terminated.
make[1]: *** [CMakeFiles/cmTC_947a4.dir/build.make:66: CMakeFiles/cmTC_947a4.dir/CheckIncludeFile.c.o] Error 1
make[1]: Leaving directory '/home/david/VSC/IZG/izgProject/build/CMakeFiles/CMakeTmp'
make: *** [Makefile:121: cmTC_947a4/fast] Error 2



Determining if files pthread_np.h exist failed with the following output:
Change Dir: /home/david/VSC/IZG/izgProject/build/CMakeFiles/CMakeTmp

Run Build Command(s):/usr/bin/make cmTC_c4953/fast && /usr/bin/make -f CMakeFiles/cmTC_c4953.dir/build.make CMakeFiles/cmTC_c4953.dir/build
make[1]: Entering directory '/home/david/VSC/IZG/izgProject/build/CMakeFiles/CMakeTmp'
Building C object CMakeFiles/cmTC_c4953.dir/HAVE_PTHREAD_NP_H.c.o
/usr/bin/cc   -g -O3 -idirafter "/home/david/VSC/IZG/izgProject/libs/SDL2-2.0.14/src/video/khronos"   -D_REENTRANT -pthread   -o CMakeFiles/cmTC_c4953.dir/HAVE_PTHREAD_NP_H.c.o   -c /home/david/VSC/IZG/izgProject/build/CMakeFiles/CheckIncludeFiles/HAVE_PTHREAD_NP_H.c
/home/david/VSC/IZG/izgProject/build/CMakeFiles/CheckIncludeFiles/HAVE_PTHREAD_NP_H.c:2:10: fatal error: pthread_np.h: No such file or directory
    2 | #include <pthread_np.h>
      |          ^~~~~~~~~~~~~~
compilation terminated.
make[1]: *** [CMakeFiles/cmTC_c4953.dir/build.make:66: CMakeFiles/cmTC_c4953.dir/HAVE_PTHREAD_NP_H.c.o] Error 1
make[1]: Leaving directory '/home/david/VSC/IZG/izgProject/build/CMakeFiles/CMakeTmp'
make: *** [Makefile:121: cmTC_c4953/fast] Error 2


Source:
/* */
#include <pthread_np.h>


int main(void){return 0;}

Determining if the pthread_setname_np exist failed with the following output:
Change Dir: /home/david/VSC/IZG/izgProject/build/CMakeFiles/CMakeTmp

Run Build Command(s):/usr/bin/make cmTC_d07b6/fast && /usr/bin/make -f CMakeFiles/cmTC_d07b6.dir/build.make CMakeFiles/cmTC_d07b6.dir/build
make[1]: Entering directory '/home/david/VSC/IZG/izgProject/build/CMakeFiles/CMakeTmp'
Building C object CMakeFiles/cmTC_d07b6.dir/CheckSymbolExists.c.o
/usr/bin/cc   -g -O3 -idirafter "/home/david/VSC/IZG/izgProject/libs/SDL2-2.0.14/src/video/khronos"   -D_REENTRANT -pthread   -o CMakeFiles/cmTC_d07b6.dir/CheckSymbolExists.c.o   -c /home/david/VSC/IZG/izgProject/build/CMakeFiles/CMakeTmp/CheckSymbolExists.c
/home/david/VSC/IZG/izgProject/build/CMakeFiles/CMakeTmp/CheckSymbolExists.c: In function ‘main’:
/home/david/VSC/IZG/izgProject/build/CMakeFiles/CMakeTmp/CheckSymbolExists.c:8:19: error: ‘pthread_setname_np’ undeclared (first use in this function); did you mean ‘pthread_setcanceltype’?
    8 |   return ((int*)(&pthread_setname_np))[argc];
      |                   ^~~~~~~~~~~~~~~~~~
      |                   pthread_setcanceltype
/home/david/VSC/IZG/izgProject/build/CMakeFiles/CMakeTmp/CheckSymbolExists.c:8:19: note: each undeclared identifier is reported only once for each function it appears in
make[1]: *** [CMakeFiles/cmTC_d07b6.dir/build.make:66: CMakeFiles/cmTC_d07b6.dir/CheckSymbolExists.c.o] Error 1
make[1]: Leaving directory '/home/david/VSC/IZG/izgProject/build/CMakeFiles/CMakeTmp'
make: *** [Makefile:121: cmTC_d07b6/fast] Error 2


File /home/david/VSC/IZG/izgProject/build/CMakeFiles/CMakeTmp/CheckSymbolExists.c:
/* */
#include <pthread.h>

int main(int argc, char** argv)
{
  (void)argv;
#ifndef pthread_setname_np
  return ((int*)(&pthread_setname_np))[argc];
#else
  (void)argc;
  return 0;
#endif
}
